[INFO ] [2022-03-01 14:03:00,870] Register with emailAutoTest4195@gmail.comPass: 123456
[INFO ] [2022-03-01 14:10:35,824] Register with emailAutoTest5836@gmail.com   Pass: 123456
[INFO ] [2022-03-01 14:13:26,657] Register with emailAutoTest1809@gmail.com   Pass: 123456
[INFO ] [2022-03-01 14:57:17,920] Register with emailAutoTest2844@gmail.com   Pass: 123456
[INFO ] [2022-03-01 14:57:21,790] Verify
[INFO ] [2022-03-01 14:57:21,839]  -------------------------- PASSED -------------------------- 
[INFO ] [2022-03-01 14:57:21,839] Assert
[INFO ] [2022-03-02 16:17:12,724] Register Success with emailAutoTest2408@gmail.com   Pass: 123456
[INFO ] [2022-03-02 16:17:18,029] Login Success with emailAutoTest2408@gmail.com   Pass: 123456
[INFO ] [2022-03-02 16:17:19,225] Switch to Addresses Page
[INFO ] [2022-03-02 16:17:19,898] Switch to Orders Page
[INFO ] [2022-03-02 16:17:20,522] Switch to Downloadable Products Page
[INFO ] [2022-03-02 16:17:21,116] Switch to Back In Stock Subscriptions Page
[INFO ] [2022-03-02 16:17:21,701] Switch to Reward Points Page
[INFO ] [2022-03-02 16:17:22,289] Switch to Change Password Page
[INFO ] [2022-03-02 16:17:22,898] Switch to My Product Reviews Page
[INFO ] [2022-03-02 16:17:23,433] Switch to Customer Info Page
[INFO ] [2022-03-02 17:25:04,762] Register Success with emailAutoTest4937@gmail.com   Pass: 123456
[INFO ] [2022-03-02 17:25:09,476] Login Success with emailAutoTest4937@gmail.com   Pass: 123456
[INFO ] [2022-03-02 17:25:10,558] Switch to Addresses Page
[INFO ] [2022-03-02 17:25:11,175] Switch to Orders Page
[INFO ] [2022-03-02 17:25:11,737] Switch to Downloadable Products Page
[INFO ] [2022-03-02 17:25:12,618] Switch to Back In Stock Subscriptions Page
[INFO ] [2022-03-02 17:25:13,684] Switch to Reward Points Page
[INFO ] [2022-03-02 17:25:14,420] Switch to Change Password Page
[INFO ] [2022-03-02 17:25:15,126] Switch to My Product Reviews Page
[INFO ] [2022-03-02 17:25:15,583] Switch to Customer Info Page
[INFO ] [2022-03-02 17:25:24,614] Register Success with emailAutoTest1184@gmail.com   Pass: 123456
[INFO ] [2022-03-02 17:25:29,496] Login Success with emailAutoTest1184@gmail.com   Pass: 123456
[INFO ] [2022-03-02 17:25:30,659] Switch to Addresses Page
[INFO ] [2022-03-02 17:25:31,249] Switch to Orders Page
[INFO ] [2022-03-02 17:25:31,811] Switch to Downloadable Products Page
[INFO ] [2022-03-02 17:25:32,409] Switch to Back In Stock Subscriptions Page
[INFO ] [2022-03-02 17:25:32,984] Switch to Reward Points Page
[INFO ] [2022-03-02 17:25:33,557] Switch to Change Password Page
[INFO ] [2022-03-02 17:25:34,119] Switch to My Product Reviews Page
[INFO ] [2022-03-02 17:25:34,651] Switch to Customer Info Page
[INFO ] [2022-03-02 21:16:00,473] Register with emailAutoTest154@gmail.com   Pass: 123456
[INFO ] [2022-03-02 21:16:04,469] Verify
[INFO ] [2022-03-02 21:16:04,535]  -------------------------- PASSED -------------------------- 
[INFO ] [2022-03-02 21:16:04,536] Assert
[INFO ] [2022-03-02 21:19:28,523] Register Success with emailAutoTest6903@gmail.com   Pass: 123456
[INFO ] [2022-03-02 21:19:33,432] Login Success with emailAutoTest6903@gmail.com   Pass: 123456
[INFO ] [2022-03-02 21:19:34,585] Switch to Addresses Page
[INFO ] [2022-03-02 21:19:36,717] Switch to Orders Page
[INFO ] [2022-03-02 21:19:37,681] Switch to Downloadable Products Page
[INFO ] [2022-03-02 21:19:39,505] Switch to Back In Stock Subscriptions Page
[INFO ] [2022-03-02 21:19:40,485] Switch to Reward Points Page
[INFO ] [2022-03-02 21:19:41,071] Switch to Change Password Page
[INFO ] [2022-03-02 21:19:42,107] Switch to My Product Reviews Page
[INFO ] [2022-03-02 21:19:42,629] Switch to Customer Info Page
[INFO ] [2022-03-02 21:19:52,897] Register Success with emailAutoTest3063@gmail.com   Pass: 123456
[INFO ] [2022-03-02 21:19:58,612] Login Success with emailAutoTest3063@gmail.com   Pass: 123456
[INFO ] [2022-03-02 21:19:59,761] Switch to Addresses Page
[INFO ] [2022-03-02 21:20:00,358] Switch to Orders Page
[INFO ] [2022-03-02 21:20:00,976] Switch to Downloadable Products Page
[INFO ] [2022-03-02 21:20:01,569] Switch to Back In Stock Subscriptions Page
[INFO ] [2022-03-02 21:20:02,471] Switch to Reward Points Page
[INFO ] [2022-03-02 21:20:03,044] Switch to Change Password Page
[INFO ] [2022-03-02 21:20:03,650] Switch to My Product Reviews Page
[INFO ] [2022-03-02 21:20:04,190] Switch to Customer Info Page
[INFO ] [2022-03-02 21:27:49,913] Register Success with emailAutoTest9252@gmail.com   Pass: 123456
[INFO ] [2022-03-02 21:27:54,882] Login Success with emailAutoTest9252@gmail.com   Pass: 123456
[INFO ] [2022-03-02 21:27:56,073] Switch to Addresses Page
[INFO ] [2022-03-02 21:27:56,642] Switch to Orders Page
[INFO ] [2022-03-02 21:27:57,245] Switch to Downloadable Products Page
[INFO ] [2022-03-02 21:27:57,824] Switch to Back In Stock Subscriptions Page
[INFO ] [2022-03-02 21:27:58,422] Switch to Reward Points Page
[INFO ] [2022-03-02 21:27:58,994] Switch to Change Password Page
[INFO ] [2022-03-02 21:27:59,568] Switch to My Product Reviews Page
[INFO ] [2022-03-02 21:28:00,073] Switch to Customer Info Page
[INFO ] [2022-03-02 21:28:10,012] Register Success with emailAutoTest710@gmail.com   Pass: 123456
[INFO ] [2022-03-02 21:28:15,103] Login Success with emailAutoTest710@gmail.com   Pass: 123456
[INFO ] [2022-03-02 21:28:16,469] Switch to Addresses Page
[INFO ] [2022-03-02 21:28:17,035] Switch to Orders Page
[INFO ] [2022-03-02 21:28:17,607] Switch to Downloadable Products Page
[INFO ] [2022-03-02 21:28:18,178] Switch to Back In Stock Subscriptions Page
[INFO ] [2022-03-02 21:28:18,755] Switch to Reward Points Page
[INFO ] [2022-03-02 21:28:19,351] Switch to Change Password Page
[INFO ] [2022-03-02 21:28:19,906] Switch to My Product Reviews Page
[INFO ] [2022-03-02 21:28:20,416] Switch to Customer Info Page
[INFO ] [2022-03-03 00:52:17,096] Register with emailAutoTest3062@gmail.com   Pass: 123456
[INFO ] [2022-03-03 00:52:20,985] Verify
[INFO ] [2022-03-03 00:52:21,055]  -------------------------- PASSED -------------------------- 
[INFO ] [2022-03-03 00:52:21,055] Assert
[INFO ] [2022-03-03 10:55:09,926] Register with emailAutoTest1655@gmail.com   Pass: 123456
[INFO ] [2022-03-03 10:55:13,681] Verify
[INFO ] [2022-03-03 10:55:13,736]  -------------------------- PASSED -------------------------- 
[INFO ] [2022-03-03 10:55:13,736] Assert
[INFO ] [2022-03-03 11:00:55,780] Register with emailAutoTest2444@gmail.com   Pass: 123456
[INFO ] [2022-03-03 11:00:59,770] Verify
[INFO ] [2022-03-03 11:00:59,837]  -------------------------- PASSED -------------------------- 
[INFO ] [2022-03-03 11:00:59,837] Assert
[INFO ] [2022-03-03 11:09:00,950] Register with emailAutoTest8495@gmail.com   Pass: 123456
[INFO ] [2022-03-03 11:09:04,711] Verify
[INFO ] [2022-03-03 11:09:04,759]  -------------------------- PASSED -------------------------- 
[INFO ] [2022-03-03 11:09:04,759] Assert
[INFO ] [2022-03-03 11:33:22,745] delete file in folder Report Image
[INFO ] [2022-03-03 11:33:26,457] Register with emailAutoTest7503@gmail.com   Pass: 123456
[INFO ] [2022-03-03 11:33:30,177] Verify
[INFO ] [2022-03-03 11:33:30,232]  -------------------------- PASSED -------------------------- 
[INFO ] [2022-03-03 11:33:30,232] Assert
[INFO ] [2022-03-03 14:04:54,527] delete file in folder Report Image
[INFO ] [2022-03-03 14:04:58,730] Register with emailAutoTest3137@gmail.com   Pass: 123456
[INFO ] [2022-03-03 14:05:02,688] Verify
[INFO ] [2022-03-03 14:05:02,765]  -------------------------- PASSED -------------------------- 
[INFO ] [2022-03-03 14:05:02,765] Assert
[INFO ] [2022-03-03 17:40:55,113] delete file in folder Report Image
[INFO ] [2022-03-03 17:40:59,461] Register with emailAutoTest1159@gmail.com   Pass: 123456
[INFO ] [2022-03-03 17:41:03,273] Verify
[INFO ] [2022-03-03 17:41:03,339]  -------------------------- PASSED -------------------------- 
[INFO ] [2022-03-03 17:41:03,339] Assert
[INFO ] [2022-03-03 17:41:10,316] Post-Condition: Close browser chrome
[INFO ] [2022-03-03 17:41:11,037] OS name = windows 10
[INFO ] [2022-03-03 17:41:11,037] Driver instance name = windows 10
[INFO ] [2022-03-03 17:41:11,039] Session ID is null. Using WebDriver after calling quit()?
Build info: version: '3.141.59', revision: 'e82be7d358', time: '2018-11-14T08:25:53'
System info: host: 'DUYHOA', ip: '192.168.10.104', os.name: 'Windows 10', os.arch: 'amd64', os.version: '10.0', java.version: '11.0.12'
Driver info: driver.version: RemoteWebDriver
[INFO ] [2022-03-03 17:48:28,537] delete file in folder Report Image
[INFO ] [2022-03-03 17:48:32,422] Register with emailAutoTest8430@gmail.com   Pass: 123456
[INFO ] [2022-03-03 17:48:36,518] Verify
[INFO ] [2022-03-03 17:48:36,589]  -------------------------- PASSED -------------------------- 
[INFO ] [2022-03-03 17:48:36,589] Assert
[INFO ] [2022-03-03 17:49:08,929] Post-Condition: Close browser chrome
[INFO ] [2022-03-03 17:49:09,678] OS name = windows 10
[INFO ] [2022-03-03 17:49:09,678] Driver instance name = windows 10
[INFO ] [2022-03-03 17:49:09,680] Session ID is null. Using WebDriver after calling quit()?
Build info: version: '3.141.59', revision: 'e82be7d358', time: '2018-11-14T08:25:53'
System info: host: 'DUYHOA', ip: '192.168.10.104', os.name: 'Windows 10', os.arch: 'amd64', os.version: '10.0', java.version: '11.0.12'
Driver info: driver.version: RemoteWebDriver
[INFO ] [2022-03-03 17:50:16,697] delete file in folder Report Image
[INFO ] [2022-03-03 17:50:20,632] Register with emailAutoTest9332@gmail.com   Pass: 123456
[INFO ] [2022-03-03 17:50:24,524] Verify
[INFO ] [2022-03-03 17:50:24,623]  -------------------------- PASSED -------------------------- 
[INFO ] [2022-03-03 17:50:24,623] Assert
[INFO ] [2022-03-03 17:50:31,902] Post-Condition: Close browser chrome
[INFO ] [2022-03-03 17:50:32,605] OS name = windows 10
[INFO ] [2022-03-03 17:50:32,605] Driver instance name = windows 10
[INFO ] [2022-03-03 17:50:32,607] Session ID is null. Using WebDriver after calling quit()?
Build info: version: '3.141.59', revision: 'e82be7d358', time: '2018-11-14T08:25:53'
System info: host: 'DUYHOA', ip: '192.168.10.104', os.name: 'Windows 10', os.arch: 'amd64', os.version: '10.0', java.version: '11.0.12'
Driver info: driver.version: RemoteWebDriver
[INFO ] [2022-03-03 17:52:59,671] delete file in folder Report Image
[INFO ] [2022-03-03 17:52:59,672] delete file in folder Allure-json
[INFO ] [2022-03-03 17:53:03,438] Register with emailAutoTest3848@gmail.com   Pass: 123456
[INFO ] [2022-03-03 17:53:07,374] Verify
[INFO ] [2022-03-03 17:53:07,446]  -------------------------- PASSED -------------------------- 
[INFO ] [2022-03-03 17:53:07,447] Assert
[INFO ] [2022-03-03 17:53:14,706] Post-Condition: Close browser chrome
[INFO ] [2022-03-03 17:53:15,428] OS name = windows 10
[INFO ] [2022-03-03 17:53:15,429] Driver instance name = windows 10
[INFO ] [2022-03-03 17:53:15,431] Session ID is null. Using WebDriver after calling quit()?
Build info: version: '3.141.59', revision: 'e82be7d358', time: '2018-11-14T08:25:53'
System info: host: 'DUYHOA', ip: '192.168.10.104', os.name: 'Windows 10', os.arch: 'amd64', os.version: '10.0', java.version: '11.0.12'
Driver info: driver.version: RemoteWebDriver
[INFO ] [2022-03-03 17:56:40,184] delete file in folder Report Image
[INFO ] [2022-03-03 17:56:40,185] delete file in folder Allure-json
[INFO ] [2022-03-03 17:56:51,862] Register Success with emailAutoTest8029@gmail.com   Pass: 123456
[INFO ] [2022-03-03 17:56:56,745] Login Success with emailAutoTest8029@gmail.com   Pass: 123456
[INFO ] [2022-03-03 17:56:57,852] Switch to Addresses Page
[INFO ] [2022-03-03 17:56:58,527] Switch to Orders Page
[INFO ] [2022-03-03 17:56:59,111] Switch to Downloadable Products Page
[INFO ] [2022-03-03 17:56:59,712] Switch to Back In Stock Subscriptions Page
[INFO ] [2022-03-03 17:57:00,272] Switch to Reward Points Page
[INFO ] [2022-03-03 17:57:01,260] Switch to Change Password Page
[INFO ] [2022-03-03 17:57:01,835] Switch to My Product Reviews Page
[INFO ] [2022-03-03 17:57:02,308] Switch to Customer Info Page
[INFO ] [2022-03-03 17:57:02,375] Post-Condition: Close browser firefox
[INFO ] [2022-03-03 17:57:02,872] OS name = windows 10
[INFO ] [2022-03-03 17:57:02,872] Driver instance name = windows 10
[INFO ] [2022-03-03 17:57:02,873] Session ID is null. Using WebDriver after calling quit()?
Build info: version: '3.141.59', revision: 'e82be7d358', time: '2018-11-14T08:25:53'
System info: host: 'DUYHOA', ip: '192.168.10.104', os.name: 'Windows 10', os.arch: 'amd64', os.version: '10.0', java.version: '11.0.12'
Driver info: driver.version: RemoteWebDriver
[INFO ] [2022-03-03 21:26:28,735] delete file in folder Report Image
[INFO ] [2022-03-03 21:26:28,736] delete file in folder Allure-json
[INFO ] [2022-03-03 21:26:33,012] Register with emailAutoTest2722@gmail.com   Pass: 123456
[INFO ] [2022-03-03 21:26:37,020] Verify
[INFO ] [2022-03-03 21:26:37,082]  -------------------------- PASSED -------------------------- 
[INFO ] [2022-03-03 21:26:37,082] Assert
[INFO ] [2022-03-03 21:26:44,401] Post-Condition: Close browser chrome
[INFO ] [2022-03-03 21:26:45,106] OS name = windows 10
[INFO ] [2022-03-03 21:26:45,106] Driver instance name = windows 10
[INFO ] [2022-03-03 21:26:45,109] Session ID is null. Using WebDriver after calling quit()?
Build info: version: '3.141.59', revision: 'e82be7d358', time: '2018-11-14T08:25:53'
System info: host: 'DUYHOA', ip: '192.168.10.104', os.name: 'Windows 10', os.arch: 'amd64', os.version: '10.0', java.version: '11.0.12'
Driver info: driver.version: RemoteWebDriver
